  Sequence.cpp
c:\users\james.creaton\desktop\aie framework\mathlib\vector2.h(57): warning C4521: 'Vector2': multiple copy constructors specified
c:\users\james.creaton\desktop\aie framework\mathlib\vector3.h(40): warning C4521: 'Vector3': multiple copy constructors specified
c:\users\james.creaton\desktop\aie framework\src\sequence.cpp(13): error C2065: 'child': undeclared identifier
c:\users\james.creaton\desktop\aie framework\src\sequence.cpp(16): error C2065: 'child': undeclared identifier
c:\users\james.creaton\desktop\aie framework\src\sequence.cpp(18): error C2065: 'child': undeclared identifier
c:\users\james.creaton\desktop\aie framework\src\sequence.cpp(21): error C2065: 'child': undeclared identifier
c:\users\james.creaton\desktop\aie framework\src\sequence.cpp(23): error C2065: 'child': undeclared identifier
c:\users\james.creaton\desktop\aie framework\src\sequence.cpp(23): error C2227: left of '->Execute' must point to class/struct/union/generic type
  c:\users\james.creaton\desktop\aie framework\src\sequence.cpp(23): note: type is 'unknown-type'
c:\users\james.creaton\desktop\aie framework\src\sequence.cpp(30): error C2065: 'child': undeclared identifier
  Generating Code...
  Compiling...
  Agent.cpp
c:\users\james.creaton\desktop\aie framework\mathlib\vector2.h(57): warning C4521: 'Vector2': multiple copy constructors specified
c:\users\james.creaton\desktop\aie framework\mathlib\vector3.h(40): warning C4521: 'Vector3': multiple copy constructors specified
  Generating Code...
  Compiling...
  Selector.cpp
c:\users\james.creaton\desktop\aie framework\mathlib\vector2.h(57): warning C4521: 'Vector2': multiple copy constructors specified
c:\users\james.creaton\desktop\aie framework\mathlib\vector3.h(40): warning C4521: 'Vector3': multiple copy constructors specified
c:\users\james.creaton\desktop\aie framework\src\selector.cpp(18): error C2065: 'child': undeclared identifier
c:\users\james.creaton\desktop\aie framework\src\selector.cpp(21): error C2065: 'child': undeclared identifier
c:\users\james.creaton\desktop\aie framework\src\selector.cpp(22): error C2065: 'child': undeclared identifier
c:\users\james.creaton\desktop\aie framework\src\selector.cpp(25): error C2065: 'child': undeclared identifier
  Composite.cpp
c:\users\james.creaton\desktop\aie framework\mathlib\vector2.h(57): warning C4521: 'Vector2': multiple copy constructors specified
c:\users\james.creaton\desktop\aie framework\mathlib\vector3.h(40): warning C4521: 'Vector3': multiple copy constructors specified
  Generating Code...
  Skipping... (no relevant changes detected)
  Application2D.cpp
