  Vector4.cpp
c:\users\james.creaton\desktop\james creaton\source code\mathlib\vector4.cpp(77): warning C4244: 'return': conversion from 'double' to 'float', possible loss of data
  Vector3.cpp
c:\users\james.creaton\desktop\james creaton\source code\mathlib\vector3.h(40): warning C4521: 'Vector3': multiple copy constructors specified
c:\users\james.creaton\desktop\james creaton\source code\mathlib\vector3.cpp(76): warning C4244: 'return': conversion from 'double' to 'float', possible loss of data
  Vector2.cpp
c:\users\james.creaton\desktop\james creaton\source code\mathlib\vector2.h(57): warning C4521: 'Vector2': multiple copy constructors specified
c:\users\james.creaton\desktop\james creaton\source code\mathlib\vector2.cpp(98): warning C4244: 'return': conversion from 'double' to 'float', possible loss of data
c:\users\james.creaton\desktop\james creaton\source code\mathlib\vector2.cpp(137): warning C4244: 'return': conversion from 'double' to 'float', possible loss of data
c:\users\james.creaton\desktop\james creaton\source code\mathlib\vector2.cpp(145): warning C4244: 'return': conversion from 'double' to 'float', possible loss of data
c:\users\james.creaton\desktop\james creaton\source code\mathlib\vector2.cpp(151): warning C4244: 'return': conversion from 'double' to 'float', possible loss of data
  Matrix4.cpp
c:\users\james.creaton\desktop\james creaton\source code\mathlib\vector2.h(57): warning C4521: 'Vector2': multiple copy constructors specified
c:\users\james.creaton\desktop\james creaton\source code\mathlib\vector3.h(40): warning C4521: 'Vector3': multiple copy constructors specified
c:\users\james.creaton\desktop\james creaton\source code\mathlib\matrix4.cpp(82): warning C4244: '=': conversion from 'double' to 'float', possible loss of data
c:\users\james.creaton\desktop\james creaton\source code\mathlib\matrix4.cpp(83): warning C4244: '=': conversion from 'double' to 'float', possible loss of data
c:\users\james.creaton\desktop\james creaton\source code\mathlib\matrix4.cpp(84): warning C4244: '=': conversion from 'double' to 'float', possible loss of data
c:\users\james.creaton\desktop\james creaton\source code\mathlib\matrix4.cpp(85): warning C4244: '=': conversion from 'double' to 'float', possible loss of data
c:\users\james.creaton\desktop\james creaton\source code\mathlib\matrix4.cpp(90): warning C4244: '=': conversion from 'double' to 'float', possible loss of data
c:\users\james.creaton\desktop\james creaton\source code\mathlib\matrix4.cpp(91): warning C4244: '=': conversion from 'double' to 'float', possible loss of data
c:\users\james.creaton\desktop\james creaton\source code\mathlib\matrix4.cpp(92): warning C4244: '=': conversion from 'double' to 'float', possible loss of data
c:\users\james.creaton\desktop\james creaton\source code\mathlib\matrix4.cpp(93): warning C4244: '=': conversion from 'double' to 'float', possible loss of data
c:\users\james.creaton\desktop\james creaton\source code\mathlib\matrix4.cpp(98): warning C4244: '=': conversion from 'double' to 'float', possible loss of data
c:\users\james.creaton\desktop\james creaton\source code\mathlib\matrix4.cpp(99): warning C4244: '=': conversion from 'double' to 'float', possible loss of data
c:\users\james.creaton\desktop\james creaton\source code\mathlib\matrix4.cpp(100): warning C4244: '=': conversion from 'double' to 'float', possible loss of data
c:\users\james.creaton\desktop\james creaton\source code\mathlib\matrix4.cpp(101): warning C4244: '=': conversion from 'double' to 'float', possible loss of data
  Matrix3.cpp
c:\users\james.creaton\desktop\james creaton\source code\mathlib\vector2.h(57): warning C4521: 'Vector2': multiple copy constructors specified
c:\users\james.creaton\desktop\james creaton\source code\mathlib\vector3.h(40): warning C4521: 'Vector3': multiple copy constructors specified
c:\users\james.creaton\desktop\james creaton\source code\mathlib\matrix3.cpp(99): warning C4244: '=': conversion from 'double' to 'float', possible loss of data
c:\users\james.creaton\desktop\james creaton\source code\mathlib\matrix3.cpp(100): warning C4244: '=': conversion from 'double' to 'float', possible loss of data
c:\users\james.creaton\desktop\james creaton\source code\mathlib\matrix3.cpp(101): warning C4244: '=': conversion from 'double' to 'float', possible loss of data
c:\users\james.creaton\desktop\james creaton\source code\mathlib\matrix3.cpp(102): warning C4244: '=': conversion from 'double' to 'float', possible loss of data
c:\users\james.creaton\desktop\james creaton\source code\mathlib\matrix3.cpp(107): warning C4244: '=': conversion from 'double' to 'float', possible loss of data
c:\users\james.creaton\desktop\james creaton\source code\mathlib\matrix3.cpp(108): warning C4244: '=': conversion from 'double' to 'float', possible loss of data
c:\users\james.creaton\desktop\james creaton\source code\mathlib\matrix3.cpp(109): warning C4244: '=': conversion from 'double' to 'float', possible loss of data
c:\users\james.creaton\desktop\james creaton\source code\mathlib\matrix3.cpp(110): warning C4244: '=': conversion from 'double' to 'float', possible loss of data
c:\users\james.creaton\desktop\james creaton\source code\mathlib\matrix3.cpp(115): warning C4244: '=': conversion from 'double' to 'float', possible loss of data
c:\users\james.creaton\desktop\james creaton\source code\mathlib\matrix3.cpp(116): warning C4244: '=': conversion from 'double' to 'float', possible loss of data
c:\users\james.creaton\desktop\james creaton\source code\mathlib\matrix3.cpp(117): warning C4244: '=': conversion from 'double' to 'float', possible loss of data
c:\users\james.creaton\desktop\james creaton\source code\mathlib\matrix3.cpp(118): warning C4244: '=': conversion from 'double' to 'float', possible loss of data
  Matrix2.cpp
c:\users\james.creaton\desktop\james creaton\source code\mathlib\vector2.h(57): warning C4521: 'Vector2': multiple copy constructors specified
c:\users\james.creaton\desktop\james creaton\source code\mathlib\matrix2.cpp(35): warning C4244: '=': conversion from 'double' to 'float', possible loss of data
c:\users\james.creaton\desktop\james creaton\source code\mathlib\matrix2.cpp(36): warning C4244: '=': conversion from 'double' to 'float', possible loss of data
c:\users\james.creaton\desktop\james creaton\source code\mathlib\matrix2.cpp(37): warning C4244: '=': conversion from 'double' to 'float', possible loss of data
c:\users\james.creaton\desktop\james creaton\source code\mathlib\matrix2.cpp(38): warning C4244: '=': conversion from 'double' to 'float', possible loss of data
  Generating Code...
  MathLib.vcxproj -> C:\Users\James.Creaton\Desktop\James Creaton\Source Code\x64\Debug\MathLib.lib
